2023-01-22 19:26:07,200 [Worker-6: Loading available Gradle versions] INFO  o.e.b.c.i.u.g.PublishedGradleVersions - Gradle version information cache is up-to-date. Trying to read.
2023-01-22 19:27:12,545 [Worker-7: Import Getting Started Content] INFO  o.e.m.c.i.l.LifecycleMappingFactory - Using org.eclipse.m2e.jdt.JarLifecycleMapping lifecycle mapping for MavenProject: com.example:UserService:0.0.1-SNAPSHOT @ C:\Users\harshpasingh\Documents\workspace-spring-tool-suite-4-4.17.1.RELEASE\UserService\pom.xml.
2023-01-22 19:27:13,891 [Worker-7: Import Getting Started Content] INFO  o.e.m.j.i.AbstractJavaProjectConfigurator - Adding source folder /UserService/src/main/java
2023-01-22 19:27:13,892 [Worker-7: Import Getting Started Content] INFO  o.e.m.j.i.AbstractJavaProjectConfigurator - Adding resource folder /UserService/src/main/resources
2023-01-22 19:27:13,899 [Worker-7: Import Getting Started Content] INFO  o.e.m.j.i.AbstractJavaProjectConfigurator - Adding resource folder /UserService/src/main/resources
2023-01-22 19:27:13,905 [Worker-7: Import Getting Started Content] INFO  o.e.m.j.i.AbstractJavaProjectConfigurator - Adding source folder /UserService/src/test/java
2023-01-22 19:27:15,755 [Worker-7: Import Getting Started Content] INFO  o.e.m.c.i.p.ProjectConfigurationManager - Imported and configured 1 project(s) in 4 sec
2023-01-22 19:27:15,760 [Worker-7: Import Getting Started Content] INFO  o.e.m.c.i.p.ProjectConfigurationManager - Update started
2023-01-22 19:27:16,075 [Worker-7: Import Getting Started Content] INFO  o.e.m.c.i.l.LifecycleMappingFactory - Using org.eclipse.m2e.jdt.JarLifecycleMapping lifecycle mapping for MavenProject: com.example:UserService:0.0.1-SNAPSHOT @ C:\Users\harshpasingh\Documents\workspace-spring-tool-suite-4-4.17.1.RELEASE\UserService\pom.xml.
2023-01-22 19:27:16,928 [Worker-7: Import Getting Started Content] INFO  o.e.m.j.i.AbstractJavaProjectConfigurator - Adding source folder /UserService/src/main/java
2023-01-22 19:27:16,929 [Worker-7: Import Getting Started Content] INFO  o.e.m.j.i.AbstractJavaProjectConfigurator - Adding resource folder /UserService/src/main/resources
2023-01-22 19:27:16,930 [Worker-7: Import Getting Started Content] INFO  o.e.m.j.i.AbstractJavaProjectConfigurator - Adding resource folder /UserService/src/main/resources
2023-01-22 19:27:16,930 [Worker-7: Import Getting Started Content] INFO  o.e.m.j.i.AbstractJavaProjectConfigurator - Adding source folder /UserService/src/test/java
2023-01-22 19:27:17,585 [Worker-7: Import Getting Started Content] INFO  o.e.m.c.i.p.ProjectConfigurationManager - Update completed for 1 poms: local refresh takes 0.00 sec, refresh facades takes 1.00 sec, update config takes 0.00 sec 
2023-01-22 20:33:03,972 [Worker-34: Building] INFO  o.e.m.c.i.l.LifecycleMappingFactory - Using org.eclipse.m2e.jdt.JarLifecycleMapping lifecycle mapping for MavenProject: com.example:UserService:0.0.1-SNAPSHOT @ C:\Users\harshpasingh\Documents\workspace-spring-tool-suite-4-4.17.1.RELEASE\UserService\pom.xml.
2023-01-22 20:33:04,658 [Worker-34: Building] INFO  o.a.m.s.f.DefaultMavenResourcesFiltering - Copying 0 resource
2023-01-22 20:33:04,659 [Worker-34: Building] INFO  o.a.m.s.f.DefaultMavenResourcesFiltering - Copying 0 resource
2023-01-22 20:33:04,665 [Worker-34: Building] INFO  o.a.m.s.f.DefaultMavenResourcesFiltering - skip non existing resourceDirectory C:\Users\harshpasingh\Documents\workspace-spring-tool-suite-4-4.17.1.RELEASE\UserService\src\test\resources
2023-01-22 20:34:26,562 [Worker-37: Building] INFO  o.e.m.c.i.l.LifecycleMappingFactory - Using org.eclipse.m2e.jdt.JarLifecycleMapping lifecycle mapping for MavenProject: com.example:UserService:0.0.1-SNAPSHOT @ C:\Users\harshpasingh\Documents\workspace-spring-tool-suite-4-4.17.1.RELEASE\UserService\pom.xml.
2023-01-22 20:34:27,211 [Worker-37: Building] INFO  o.a.m.s.f.DefaultMavenResourcesFiltering - Copying 0 resource
2023-01-22 20:34:27,212 [Worker-37: Building] INFO  o.a.m.s.f.DefaultMavenResourcesFiltering - Copying 0 resource
2023-01-22 20:34:27,216 [Worker-37: Building] INFO  o.a.m.s.f.DefaultMavenResourcesFiltering - skip non existing resourceDirectory C:\Users\harshpasingh\Documents\workspace-spring-tool-suite-4-4.17.1.RELEASE\UserService\src\test\resources
2023-01-22 20:34:28,547 [Worker-27: Building] INFO  o.a.m.s.f.DefaultMavenResourcesFiltering - Copying 2 resources
2023-01-22 20:34:28,574 [Worker-27: Building] INFO  o.a.m.s.f.DefaultMavenResourcesFiltering - Copying 0 resource
2023-01-22 20:34:28,578 [Worker-27: Building] INFO  o.a.m.s.f.DefaultMavenResourcesFiltering - skip non existing resourceDirectory C:\Users\harshpasingh\Documents\workspace-spring-tool-suite-4-4.17.1.RELEASE\UserService\src\test\resources
2023-01-22 20:35:02,640 [Worker-36: Building] INFO  o.e.m.c.i.l.LifecycleMappingFactory - Using org.eclipse.m2e.jdt.JarLifecycleMapping lifecycle mapping for MavenProject: com.example:UserService:0.0.1-SNAPSHOT @ C:\Users\harshpasingh\Documents\workspace-spring-tool-suite-4-4.17.1.RELEASE\UserService\pom.xml.
2023-01-22 20:35:03,173 [Worker-36: Building] INFO  o.a.m.s.f.DefaultMavenResourcesFiltering - Copying 0 resource
2023-01-22 20:35:03,173 [Worker-36: Building] INFO  o.a.m.s.f.DefaultMavenResourcesFiltering - Copying 0 resource
2023-01-22 20:35:03,177 [Worker-36: Building] INFO  o.a.m.s.f.DefaultMavenResourcesFiltering - skip non existing resourceDirectory C:\Users\harshpasingh\Documents\workspace-spring-tool-suite-4-4.17.1.RELEASE\UserService\src\test\resources
2023-01-22 20:35:54,183 [Worker-27: Building] INFO  o.e.m.c.i.l.LifecycleMappingFactory - Using org.eclipse.m2e.jdt.JarLifecycleMapping lifecycle mapping for MavenProject: com.example:UserService:0.0.1-SNAPSHOT @ C:\Users\harshpasingh\Documents\workspace-spring-tool-suite-4-4.17.1.RELEASE\UserService\pom.xml.
2023-01-22 20:35:54,698 [Worker-27: Building] INFO  o.a.m.s.f.DefaultMavenResourcesFiltering - Copying 0 resource
2023-01-22 20:35:54,698 [Worker-27: Building] INFO  o.a.m.s.f.DefaultMavenResourcesFiltering - Copying 0 resource
2023-01-22 20:35:54,702 [Worker-27: Building] INFO  o.a.m.s.f.DefaultMavenResourcesFiltering - skip non existing resourceDirectory C:\Users\harshpasingh\Documents\workspace-spring-tool-suite-4-4.17.1.RELEASE\UserService\src\test\resources
2023-01-22 20:35:55,995 [Worker-27: Building] INFO  o.a.m.s.f.DefaultMavenResourcesFiltering - Copying 2 resources
2023-01-22 20:35:56,016 [Worker-27: Building] INFO  o.a.m.s.f.DefaultMavenResourcesFiltering - Copying 0 resource
2023-01-22 20:35:56,021 [Worker-27: Building] INFO  o.a.m.s.f.DefaultMavenResourcesFiltering - skip non existing resourceDirectory C:\Users\harshpasingh\Documents\workspace-spring-tool-suite-4-4.17.1.RELEASE\UserService\src\test\resources
2023-01-22 20:36:27,985 [Worker-27: Building] INFO  o.e.m.c.i.l.LifecycleMappingFactory - Using org.eclipse.m2e.jdt.JarLifecycleMapping lifecycle mapping for MavenProject: com.example:UserService:0.0.1-SNAPSHOT @ C:\Users\harshpasingh\Documents\workspace-spring-tool-suite-4-4.17.1.RELEASE\UserService\pom.xml.
2023-01-22 20:36:28,509 [Worker-27: Building] INFO  o.a.m.s.f.DefaultMavenResourcesFiltering - Copying 0 resource
2023-01-22 20:36:28,510 [Worker-27: Building] INFO  o.a.m.s.f.DefaultMavenResourcesFiltering - Copying 0 resource
2023-01-22 20:36:28,513 [Worker-27: Building] INFO  o.a.m.s.f.DefaultMavenResourcesFiltering - skip non existing resourceDirectory C:\Users\harshpasingh\Documents\workspace-spring-tool-suite-4-4.17.1.RELEASE\UserService\src\test\resources
2023-01-22 20:36:29,821 [Worker-38: Building] INFO  o.a.m.s.f.DefaultMavenResourcesFiltering - Copying 2 resources
2023-01-22 20:36:29,841 [Worker-38: Building] INFO  o.a.m.s.f.DefaultMavenResourcesFiltering - Copying 0 resource
2023-01-22 20:36:29,847 [Worker-38: Building] INFO  o.a.m.s.f.DefaultMavenResourcesFiltering - skip non existing resourceDirectory C:\Users\harshpasingh\Documents\workspace-spring-tool-suite-4-4.17.1.RELEASE\UserService\src\test\resources
2023-01-22 20:36:38,408 [Worker-27: Building] INFO  o.a.m.s.f.DefaultMavenResourcesFiltering - Copying 2 resources
2023-01-22 20:36:38,420 [Worker-27: Building] INFO  o.a.m.s.f.DefaultMavenResourcesFiltering - Copying 0 resource
2023-01-22 20:36:38,423 [Worker-27: Building] INFO  o.a.m.s.f.DefaultMavenResourcesFiltering - skip non existing resourceDirectory C:\Users\harshpasingh\Documents\workspace-spring-tool-suite-4-4.17.1.RELEASE\UserService\src\test\resources
2023-01-22 20:36:40,688 [Worker-37: Building] INFO  o.a.m.s.f.DefaultMavenResourcesFiltering - Copying 2 resources
2023-01-22 20:36:40,700 [Worker-37: Building] INFO  o.a.m.s.f.DefaultMavenResourcesFiltering - Copying 0 resource
2023-01-22 20:36:40,703 [Worker-37: Building] INFO  o.a.m.s.f.DefaultMavenResourcesFiltering - skip non existing resourceDirectory C:\Users\harshpasingh\Documents\workspace-spring-tool-suite-4-4.17.1.RELEASE\UserService\src\test\resources
2023-01-22 20:37:15,956 [Worker-36: Building] INFO  o.a.m.s.f.DefaultMavenResourcesFiltering - Copying 2 resources
2023-01-22 20:37:15,971 [Worker-36: Building] INFO  o.a.m.s.f.DefaultMavenResourcesFiltering - Copying 0 resource
2023-01-22 20:37:15,975 [Worker-36: Building] INFO  o.a.m.s.f.DefaultMavenResourcesFiltering - skip non existing resourceDirectory C:\Users\harshpasingh\Documents\workspace-spring-tool-suite-4-4.17.1.RELEASE\UserService\src\test\resources
2023-01-22 20:37:41,269 [Worker-37: Building] INFO  o.a.m.s.f.DefaultMavenResourcesFiltering - Copying 2 resources
2023-01-22 20:37:41,281 [Worker-37: Building] INFO  o.a.m.s.f.DefaultMavenResourcesFiltering - Copying 0 resource
2023-01-22 20:37:41,286 [Worker-37: Building] INFO  o.a.m.s.f.DefaultMavenResourcesFiltering - skip non existing resourceDirectory C:\Users\harshpasingh\Documents\workspace-spring-tool-suite-4-4.17.1.RELEASE\UserService\src\test\resources
2023-01-22 20:41:00,674 [Worker-38: Building] INFO  o.a.m.s.f.DefaultMavenResourcesFiltering - Copying 2 resources
2023-01-22 20:41:00,683 [Worker-38: Building] INFO  o.a.m.s.f.DefaultMavenResourcesFiltering - Copying 0 resource
2023-01-22 20:41:00,686 [Worker-38: Building] INFO  o.a.m.s.f.DefaultMavenResourcesFiltering - skip non existing resourceDirectory C:\Users\harshpasingh\Documents\workspace-spring-tool-suite-4-4.17.1.RELEASE\UserService\src\test\resources
2023-01-22 20:42:02,552 [Worker-36: Building] INFO  o.a.m.s.f.DefaultMavenResourcesFiltering - Copying 2 resources
2023-01-22 20:42:02,565 [Worker-36: Building] INFO  o.a.m.s.f.DefaultMavenResourcesFiltering - Copying 0 resource
2023-01-22 20:42:02,570 [Worker-36: Building] INFO  o.a.m.s.f.DefaultMavenResourcesFiltering - skip non existing resourceDirectory C:\Users\harshpasingh\Documents\workspace-spring-tool-suite-4-4.17.1.RELEASE\UserService\src\test\resources
2023-01-22 20:43:14,195 [Worker-27: Building] INFO  o.a.m.s.f.DefaultMavenResourcesFiltering - Copying 2 resources
2023-01-22 20:43:14,209 [Worker-27: Building] INFO  o.a.m.s.f.DefaultMavenResourcesFiltering - Copying 0 resource
2023-01-22 20:43:14,213 [Worker-27: Building] INFO  o.a.m.s.f.DefaultMavenResourcesFiltering - skip non existing resourceDirectory C:\Users\harshpasingh\Documents\workspace-spring-tool-suite-4-4.17.1.RELEASE\UserService\src\test\resources
2023-01-22 20:43:37,771 [Worker-37: Building] INFO  o.a.m.s.f.DefaultMavenResourcesFiltering - Copying 2 resources
2023-01-22 20:43:37,780 [Worker-37: Building] INFO  o.a.m.s.f.DefaultMavenResourcesFiltering - Copying 0 resource
2023-01-22 20:43:37,784 [Worker-37: Building] INFO  o.a.m.s.f.DefaultMavenResourcesFiltering - skip non existing resourceDirectory C:\Users\harshpasingh\Documents\workspace-spring-tool-suite-4-4.17.1.RELEASE\UserService\src\test\resources
2023-01-22 20:45:40,217 [Worker-39: Building] INFO  o.a.m.s.f.DefaultMavenResourcesFiltering - Copying 2 resources
2023-01-22 20:45:40,230 [Worker-39: Building] INFO  o.a.m.s.f.DefaultMavenResourcesFiltering - Copying 0 resource
2023-01-22 20:45:40,234 [Worker-39: Building] INFO  o.a.m.s.f.DefaultMavenResourcesFiltering - skip non existing resourceDirectory C:\Users\harshpasingh\Documents\workspace-spring-tool-suite-4-4.17.1.RELEASE\UserService\src\test\resources
2023-01-22 20:46:10,564 [Worker-38: Building] INFO  o.a.m.s.f.DefaultMavenResourcesFiltering - Copying 2 resources
2023-01-22 20:46:10,573 [Worker-38: Building] INFO  o.a.m.s.f.DefaultMavenResourcesFiltering - Copying 0 resource
2023-01-22 20:46:10,576 [Worker-38: Building] INFO  o.a.m.s.f.DefaultMavenResourcesFiltering - skip non existing resourceDirectory C:\Users\harshpasingh\Documents\workspace-spring-tool-suite-4-4.17.1.RELEASE\UserService\src\test\resources
